Started GET "/" for 127.0.0.1 at 2020-10-15 19:32:40 +0900

ActiveRecord::PendingMigrationError - Migrations are pending. To resolve this issue, run:

        bin/rails db:migrate RAILS_ENV=development

:

Started POST "/__better_errors/2dd44656a634b961/variables" for 127.0.0.1 at 2020-10-15 19:32:40 +0900
  [1m[35m (0.1ms)[0m  [1m[34mSELECT sqlite_version(*)[0m
  [1m[35m (6.7ms)[0m  [1m[35mCREATE TABLE "schema_migrations" ("version" varchar NOT NULL PRIMARY KEY)[0m
  [1m[35m (0.9ms)[0m  [1m[35mCREATE TABLE "ar_internal_metadata" ("key" varchar NOT NULL PRIMARY KEY, "value" varchar, "created_at" datetime NOT NULL, "updated_at" datetime NOT NULL)[0m
  [1m[35m (0.1ms)[0m  [1m[34mSELECT "schema_migrations"."version" FROM "schema_migrations" ORDER BY "schema_migrations"."version" ASC[0m
Migrating to CreateTweeets (20171129222907)
  [1m[35m (0.0ms)[0m  [1m[36mbegin transaction[0m
  [1m[35m (0.3ms)[0m  [1m[35mCREATE TABLE "tweeets" ("id" INTEGER PRIMARY KEY AUTOINCREMENT NOT NULL, "tweeet" text, "created_at" datetime NOT NULL, "updated_at" datetime NOT NULL)[0m
  [1m[35mSQL (0.1ms)[0m  [1m[32mINSERT INTO "schema_migrations" ("version") VALUES (?)[0m  [["version", "20171129222907"]]
  [1m[35m (0.6ms)[0m  [1m[36mcommit transaction[0m
Migrating to DeviseCreateUsers (20171129234035)
  [1m[35m (0.0ms)[0m  [1m[36mbegin transaction[0m
  [1m[35m (0.3ms)[0m  [1m[35mCREATE TABLE "users" ("id" INTEGER PRIMARY KEY AUTOINCREMENT NOT NULL, "email" varchar DEFAULT '' NOT NULL, "encrypted_password" varchar DEFAULT '' NOT NULL, "reset_password_token" varchar, "reset_password_sent_at" datetime, "remember_created_at" datetime, "sign_in_count" integer DEFAULT 0 NOT NULL, "current_sign_in_at" datetime, "last_sign_in_at" datetime, "current_sign_in_ip" varchar, "last_sign_in_ip" varchar, "created_at" datetime NOT NULL, "updated_at" datetime NOT NULL)[0m
  [1m[35m (0.1ms)[0m  [1m[35mCREATE UNIQUE INDEX "index_users_on_email" ON "users" ("email")[0m
  [1m[35m (0.1ms)[0m  [1m[34m            SELECT sql
            FROM sqlite_master
            WHERE name='index_users_on_email' AND type='index'
            UNION ALL
            SELECT sql
            FROM sqlite_temp_master
            WHERE name='index_users_on_email' AND type='index'
[0m
  [1m[35m (0.1ms)[0m  [1m[35mCREATE UNIQUE INDEX "index_users_on_reset_password_token" ON "users" ("reset_password_token")[0m
  [1m[35mSQL (0.1ms)[0m  [1m[32mINSERT INTO "schema_migrations" ("version") VALUES (?)[0m  [["version", "20171129234035"]]
  [1m[35m (0.6ms)[0m  [1m[36mcommit transaction[0m
Migrating to AddFieldsToUsers (20171129234833)
  [1m[35m (0.0ms)[0m  [1m[36mbegin transaction[0m
  [1m[35m (0.3ms)[0m  [1m[35mALTER TABLE "users" ADD "name" varchar[0m
  [1m[35m (0.1ms)[0m  [1m[35mALTER TABLE "users" ADD "username" varchar[0m
  [1m[35m (0.0ms)[0m  [1m[34m            SELECT sql
            FROM sqlite_master
            WHERE name='index_users_on_reset_password_token' AND type='index'
            UNION ALL
            SELECT sql
            FROM sqlite_temp_master
            WHERE name='index_users_on_reset_password_token' AND type='index'
[0m
  [1m[35m (0.0ms)[0m  [1m[34m            SELECT sql
            FROM sqlite_master
            WHERE name='index_users_on_email' AND type='index'
            UNION ALL
            SELECT sql
            FROM sqlite_temp_master
            WHERE name='index_users_on_email' AND type='index'
[0m
  [1m[35m (0.1ms)[0m  [1m[35mCREATE UNIQUE INDEX "index_users_on_username" ON "users" ("username")[0m
  [1m[35mSQL (0.1ms)[0m  [1m[32mINSERT INTO "schema_migrations" ("version") VALUES (?)[0m  [["version", "20171129234833"]]
  [1m[35m (0.6ms)[0m  [1m[36mcommit transaction[0m
Migrating to AddUserIdToTweeets (20171130000452)
  [1m[35m (0.0ms)[0m  [1m[36mbegin transaction[0m
  [1m[35m (0.3ms)[0m  [1m[35mALTER TABLE "tweeets" ADD "user_id" integer[0m
  [1m[35mSQL (0.1ms)[0m  [1m[32mINSERT INTO "schema_migrations" ("version") VALUES (?)[0m  [["version", "20171130000452"]]
  [1m[35m (0.5ms)[0m  [1m[36mcommit transaction[0m
  [1m[36mActiveRecord::InternalMetadata Load (0.1ms)[0m  [1m[34mSELECT  "ar_internal_metadata".* FROM "ar_internal_metadata" WHERE "ar_internal_metadata"."key" = ? LIMIT ?[0m  [["key", "environment"], ["LIMIT", 1]]
  [1m[35m (0.0ms)[0m  [1m[36mbegin transaction[0m
  [1m[35mSQL (0.2ms)[0m  [1m[32mINSERT INTO "ar_internal_metadata" ("key", "value", "created_at", "updated_at") VALUES (?, ?, ?, ?)[0m  [["key", "environment"], ["value", "development"], ["created_at", "2020-10-15 10:32:52.023099"], ["updated_at", "2020-10-15 10:32:52.023099"]]
  [1m[35m (0.6ms)[0m  [1m[36mcommit transaction[0m
  [1m[35m (0.1ms)[0m  [1m[34mSELECT "schema_migrations"."version" FROM "schema_migrations" ORDER BY "schema_migrations"."version" ASC[0m
  [1m[35m (0.1ms)[0m  [1m[34m            SELECT sql
            FROM sqlite_master
            WHERE name='index_users_on_username' AND type='index'
            UNION ALL
            SELECT sql
            FROM sqlite_temp_master
            WHERE name='index_users_on_username' AND type='index'
[0m
  [1m[35m (0.1ms)[0m  [1m[34m            SELECT sql
            FROM sqlite_master
            WHERE name='index_users_on_reset_password_token' AND type='index'
            UNION ALL
            SELECT sql
            FROM sqlite_temp_master
            WHERE name='index_users_on_reset_password_token' AND type='index'
[0m
  [1m[35m (0.1ms)[0m  [1m[34m            SELECT sql
            FROM sqlite_master
            WHERE name='index_users_on_email' AND type='index'
            UNION ALL
            SELECT sql
            FROM sqlite_temp_master
            WHERE name='index_users_on_email' AND type='index'
[0m
Started GET "/" for 127.0.0.1 at 2020-10-15 19:32:58 +0900
  [1m[35m (0.1ms)[0m  [1m[34mSELECT "schema_migrations"."version" FROM "schema_migrations" ORDER BY "schema_migrations"."version" ASC[0m
Processing by TweeetsController#index as HTML
  Rendering tweeets/index.html.erb within layouts/application
  Rendered tweeets/_trends.html.erb (0.1ms)
  [1m[36mTweeet Load (0.1ms)[0m  [1m[34mSELECT "tweeets".* FROM "tweeets" ORDER BY created_at DESC[0m
  Rendered tweeets/_feed.html.erb (0.8ms)
  Rendered tweeets/_who-to-follow.html.erb (0.1ms)
  Rendered tweeets/index.html.erb within layouts/application (4.3ms)
Completed 200 OK in 1299ms (Views: 1289.3ms | ActiveRecord: 0.5ms)


Started GET "/" for 127.0.0.1 at 2020-10-15 19:44:19 +0900
Processing by TweeetsController#index as HTML
  Rendering tweeets/index.html.erb within layouts/application
  Rendered tweeets/_trends.html.erb (0.2ms)
  [1m[36mTweeet Load (0.2ms)[0m  [1m[34mSELECT "tweeets".* FROM "tweeets" ORDER BY created_at DESC[0m
  Rendered tweeets/_feed.html.erb (1.8ms)
  Rendered tweeets/_who-to-follow.html.erb (0.2ms)
  Rendered tweeets/index.html.erb within layouts/application (5.0ms)
Completed 200 OK in 40ms (Views: 38.8ms | ActiveRecord: 0.2ms)


Started GET "/users/sign_in" for 127.0.0.1 at 2020-10-15 19:44:22 +0900

SyntaxError - syntax error, unexpected '{', expecting end
...ion only: [:create, :destroy] { request.env["devise.skip_tim...
...                              ^
/Users/jkang/.rbenv/versions/2.6.6/lib/ruby/gems/2.6.0/gems/devise-4.3.0/app/controllers/devise/sessions_controller.rb:5: syntax error, unexpected '}', expecting end
..."devise.skip_timeout"] = true }
...                              ^:

Started POST "/__better_errors/eb01f17e1ca3718c/variables" for 127.0.0.1 at 2020-10-15 19:44:22 +0900
Started GET "/users/sign_in" for 127.0.0.1 at 2020-10-15 19:52:19 +0900

SyntaxError - syntax error, unexpected '{', expecting end
...ion only: [:create, :destroy] { request.env["devise.skip_tim...
...                              ^
/Users/jkang/.rbenv/versions/2.6.6/lib/ruby/gems/2.6.0/gems/devise-4.3.0/app/controllers/devise/sessions_controller.rb:5: syntax error, unexpected '}', expecting end
..."devise.skip_timeout"] = true }
...                              ^:

Started POST "/__better_errors/b765c79dd291114e/variables" for 127.0.0.1 at 2020-10-15 19:52:19 +0900
Started POST "/__better_errors/b765c79dd291114e/variables" for 127.0.0.1 at 2020-10-15 19:52:27 +0900
Started POST "/__better_errors/b765c79dd291114e/variables" for 127.0.0.1 at 2020-10-15 19:52:30 +0900
Started POST "/__better_errors/b765c79dd291114e/variables" for 127.0.0.1 at 2020-10-15 19:52:31 +0900
Started POST "/__better_errors/b765c79dd291114e/variables" for 127.0.0.1 at 2020-10-15 19:52:32 +0900
Started POST "/__better_errors/b765c79dd291114e/variables" for 127.0.0.1 at 2020-10-15 19:52:33 +0900
Started POST "/__better_errors/b765c79dd291114e/variables" for 127.0.0.1 at 2020-10-15 19:52:34 +0900
  [1m[35m (1.1ms)[0m  [1m[34mSELECT sqlite_version(*)[0m
  [1m[35m (0.1ms)[0m  [1m[34mSELECT "schema_migrations"."version" FROM "schema_migrations" ORDER BY "schema_migrations"."version" ASC[0m
  [1m[36mActiveRecord::InternalMetadata Load (0.1ms)[0m  [1m[34mSELECT "ar_internal_metadata".* FROM "ar_internal_metadata" WHERE "ar_internal_metadata"."key" = ? LIMIT ?[0m  [["key", "environment"], ["LIMIT", 1]]
  [1m[35m (0.0ms)[0m  [1m[34mSELECT sqlite_version(*)[0m
  [1m[35m (0.1ms)[0m  [1m[34mSELECT "schema_migrations"."version" FROM "schema_migrations" ORDER BY "schema_migrations"."version" ASC[0m
Started GET "/" for ::1 at 2020-10-15 20:03:26 +0900
  [1m[35m (0.1ms)[0m  [1m[34mSELECT "schema_migrations"."version" FROM "schema_migrations" ORDER BY "schema_migrations"."version" ASC[0m
Processing by TweeetsController#index as HTML
  Rendering tweeets/index.html.erb within layouts/application
  Rendered tweeets/_trends.html.erb (0.1ms)
  [1m[36mTweeet Load (0.1ms)[0m  [1m[34mSELECT "tweeets".* FROM "tweeets" ORDER BY created_at DESC[0m
  Rendered tweeets/_feed.html.erb (0.8ms)
  Rendered tweeets/_who-to-follow.html.erb (0.1ms)
  Rendered tweeets/index.html.erb within layouts/application (4.3ms)
Completed 200 OK in 1415ms (Views: 1405.5ms | ActiveRecord: 0.5ms)


Started GET "/users/sign_in" for ::1 at 2020-10-15 20:03:30 +0900
Processing by Devise::SessionsController#new as HTML
  Rendering devise/sessions/new.html.erb within layouts/application
  Rendered devise/shared/_links.html.erb (0.7ms)
  Rendered devise/sessions/new.html.erb within layouts/application (31.3ms)
Completed 200 OK in 52ms (Views: 41.1ms | ActiveRecord: 0.4ms)


Started GET "/users/sign_up" for ::1 at 2020-10-15 20:03:32 +0900
Processing by RegistrationsController#new as HTML
  Rendering devise/registrations/new.html.erb within layouts/application
  Rendered devise/shared/_links.html.erb (0.6ms)
  Rendered devise/registrations/new.html.erb within layouts/application (5.6ms)
Completed 200 OK in 16ms (Views: 15.8ms | ActiveRecord: 0.0ms)


Started POST "/users" for ::1 at 2020-10-15 20:03:55 +0900
Processing by RegistrationsController#create as HTML
  Parameters: {"utf8"=>"✓", "authenticity_token"=>"LLTkybb/jRZWkqOLzTY+djWSL3rE9SVfBNlUw8UF1zTRZQzlcRR0DcpnqFLSB8nSXOVzaveX6g/mfR2WbZoOvw==", "user"=>{"name"=>"jiwon", "username"=>"ayokinya", "email"=>"aa@gmail.com", "password"=>"[FILTERED]", "password_confirmation"=>"[FILTERED]"}, "commit"=>"Sign up"}
  [1m[35m (0.0ms)[0m  [1m[36mbegin transaction[0m
  [1m[36mUser Exists (0.1ms)[0m  [1m[34mSELECT  1 AS one FROM "users" WHERE "users"."email" = ? LIMIT ?[0m  [["email", "aa@gmail.com"], ["LIMIT", 1]]
  [1m[35mSQL (0.3ms)[0m  [1m[32mINSERT INTO "users" ("email", "encrypted_password", "created_at", "updated_at", "name", "username") VALUES (?, ?, ?, ?, ?, ?)[0m  [["email", "aa@gmail.com"], ["encrypted_password", "$2a$11$wAoYSFIS7lW1SRv2cbWPJ.czKwgK07KrQOsjrVMRznlhYYjQrZK8S"], ["created_at", "2020-10-15 11:03:55.826643"], ["updated_at", "2020-10-15 11:03:55.826643"], ["name", "jiwon"], ["username", "ayokinya"]]
  [1m[35m (6.0ms)[0m  [1m[36mcommit transaction[0m
  [1m[35m (0.0ms)[0m  [1m[36mbegin transaction[0m
  [1m[35mSQL (0.3ms)[0m  [1m[33mUPDATE "users" SET "sign_in_count" = ?, "current_sign_in_at" = ?, "last_sign_in_at" = ?, "current_sign_in_ip" = ?, "last_sign_in_ip" = ?, "updated_at" = ? WHERE "users"."id" = ?[0m  [["sign_in_count", 1], ["current_sign_in_at", "2020-10-15 11:03:55.834045"], ["last_sign_in_at", "2020-10-15 11:03:55.834045"], ["current_sign_in_ip", "::1"], ["last_sign_in_ip", "::1"], ["updated_at", "2020-10-15 11:03:55.834473"], ["id", 1]]
  [1m[35m (0.5ms)[0m  [1m[36mcommit transaction[0m
Redirected to http://localhost:3000/
Completed 302 Found in 118ms (ActiveRecord: 7.3ms)


Started GET "/" for ::1 at 2020-10-15 20:03:55 +0900
Processing by TweeetsController#index as HTML
  Rendering tweeets/index.html.erb within layouts/application
  [1m[36mUser Load (0.1ms)[0m  [1m[34mSELECT  "users".* FROM "users" WHERE "users"."id" = ? ORDER BY "users"."id" ASC LIMIT ?[0m  [["id", 1], ["LIMIT", 1]]
  [1m[35m (0.1ms)[0m  [1m[34mSELECT COUNT(*) FROM "tweeets" WHERE "tweeets"."user_id" = ?[0m  [["user_id", 1]]
  Rendered tweeets/_profile.html.erb (6.8ms)
  Rendered tweeets/_form.html.erb (2.1ms)
  [1m[36mTweeet Load (0.1ms)[0m  [1m[34mSELECT "tweeets".* FROM "tweeets" ORDER BY created_at DESC[0m
  Rendered tweeets/_feed.html.erb (3.1ms)
  Rendered tweeets/_who-to-follow.html.erb (0.2ms)
  Rendered tweeets/index.html.erb within layouts/application (12.7ms)
Completed 200 OK in 22ms (Views: 21.2ms | ActiveRecord: 0.4ms)


Started POST "/tweeets" for ::1 at 2020-10-15 20:04:06 +0900
Processing by TweeetsController#create as HTML
  Parameters: {"utf8"=>"✓", "authenticity_token"=>"NhtI8MwjYZVNCvTznT8pp6mO35VaFXbE0Q+75F6EApsKn7xVb6t4VqSIs0q0JMqbZ4FunzAhtPDTE/Rm5nmlDQ==", "tweeet"=>{"tweeet"=>"I had a busy day"}, "commit"=>"Create Tweeet"}
  [1m[36mUser Load (0.2ms)[0m  [1m[34mSELECT  "users".* FROM "users" WHERE "users"."id" = ? ORDER BY "users"."id" ASC LIMIT ?[0m  [["id", 1], ["LIMIT", 1]]
  [1m[35m (0.1ms)[0m  [1m[36mbegin transaction[0m
  [1m[35mSQL (0.3ms)[0m  [1m[32mINSERT INTO "tweeets" ("tweeet", "created_at", "updated_at", "user_id") VALUES (?, ?, ?, ?)[0m  [["tweeet", "I had a busy day"], ["created_at", "2020-10-15 11:04:06.959392"], ["updated_at", "2020-10-15 11:04:06.959392"], ["user_id", 1]]
  [1m[35m (0.6ms)[0m  [1m[36mcommit transaction[0m
Redirected to http://localhost:3000/
Completed 302 Found in 7ms (ActiveRecord: 1.2ms)


Started GET "/" for ::1 at 2020-10-15 20:04:06 +0900
Processing by TweeetsController#index as HTML
  Rendering tweeets/index.html.erb within layouts/application
  [1m[36mUser Load (0.1ms)[0m  [1m[34mSELECT  "users".* FROM "users" WHERE "users"."id" = ? ORDER BY "users"."id" ASC LIMIT ?[0m  [["id", 1], ["LIMIT", 1]]
  [1m[35m (0.1ms)[0m  [1m[34mSELECT COUNT(*) FROM "tweeets" WHERE "tweeets"."user_id" = ?[0m  [["user_id", 1]]
  Rendered tweeets/_profile.html.erb (0.8ms)
  Rendered tweeets/_form.html.erb (2.1ms)
  [1m[36mTweeet Load (0.1ms)[0m  [1m[34mSELECT "tweeets".* FROM "tweeets" ORDER BY created_at DESC[0m
  [1m[36mUser Load (0.2ms)[0m  [1m[34mSELECT  "users".* FROM "users" WHERE "users"."id" = ? LIMIT ?[0m  [["id", 1], ["LIMIT", 1]]
  Rendered tweeets/_feed.html.erb (5.9ms)
  Rendered tweeets/_who-to-follow.html.erb (0.2ms)
  Rendered tweeets/index.html.erb within layouts/application (9.0ms)
Completed 200 OK in 18ms (Views: 17.3ms | ActiveRecord: 0.5ms)


Started GET "/users/edit" for ::1 at 2020-10-15 20:04:09 +0900
Processing by RegistrationsController#edit as HTML
  [1m[36mUser Load (0.2ms)[0m  [1m[34mSELECT  "users".* FROM "users" WHERE "users"."id" = ? ORDER BY "users"."id" ASC LIMIT ?[0m  [["id", 1], ["LIMIT", 1]]
  Rendering devise/registrations/edit.html.erb within layouts/application
  Rendered devise/registrations/edit.html.erb within layouts/application (4.5ms)
Completed 200 OK in 17ms (Views: 15.2ms | ActiveRecord: 0.2ms)


Started GET "/" for ::1 at 2020-10-15 20:04:14 +0900
Processing by TweeetsController#index as HTML
  Rendering tweeets/index.html.erb within layouts/application
  [1m[36mUser Load (0.3ms)[0m  [1m[34mSELECT  "users".* FROM "users" WHERE "users"."id" = ? ORDER BY "users"."id" ASC LIMIT ?[0m  [["id", 1], ["LIMIT", 1]]
  [1m[35m (0.1ms)[0m  [1m[34mSELECT COUNT(*) FROM "tweeets" WHERE "tweeets"."user_id" = ?[0m  [["user_id", 1]]
  Rendered tweeets/_profile.html.erb (1.1ms)
  Rendered tweeets/_form.html.erb (1.6ms)
  [1m[36mTweeet Load (0.1ms)[0m  [1m[34mSELECT "tweeets".* FROM "tweeets" ORDER BY created_at DESC[0m
  [1m[36mUser Load (0.1ms)[0m  [1m[34mSELECT  "users".* FROM "users" WHERE "users"."id" = ? LIMIT ?[0m  [["id", 1], ["LIMIT", 1]]
  Rendered tweeets/_feed.html.erb (3.8ms)
  Rendered tweeets/_who-to-follow.html.erb (0.2ms)
  Rendered tweeets/index.html.erb within layouts/application (7.7ms)
Completed 200 OK in 20ms (Views: 17.8ms | ActiveRecord: 0.7ms)


